<?xml version="1.0" encoding="UTF-8"?>
<!-- Generated by org.testng.reporters.JUnitReportReporter -->
<testsuite hostname="W-PF3NZE1V" failures="0" tests="1" name="playwrightproject.demos.HandleTab" time="69.075" errors="0" timestamp="2023-06-09T14:58:34 IST" skipped="0">
  <testcase classname="playwrightproject.demos.HandleTab" name="handleTabTest" time="69.075"/>
  <system-out/>
</testsuite> <!-- playwrightproject.demos.HandleTab -->
