<?xml version="1.0" encoding="UTF-8"?>
<!-- Generated by org.testng.reporters.JUnitReportReporter -->
<testsuite hostname="W-PF3NZE1V" failures="0" tests="1" name="playwrightproject.demos.TestRelativeLoc" time="41.297" errors="0" timestamp="2023-05-17T14:23:15 IST" skipped="0">
  <testcase classname="playwrightproject.demos.TestRelativeLoc" name="test_selectors" time="41.297"/>
  <system-out/>
</testsuite> <!-- playwrightproject.demos.TestRelativeLoc -->
