<?xml version="1.0" encoding="UTF-8"?>
<!-- Generated by org.testng.reporters.JUnitReportReporter -->
<testsuite hostname="W-PF3NZE1V" failures="0" tests="1" name="playwrightproject.demos.TraceViewer1" time="85.963" errors="0" timestamp="2023-05-03T20:39:38 IST" skipped="0">
  <testcase classname="playwrightproject.demos.TraceViewer1" name="Test01" time="85.963"/>
  <system-out/>
</testsuite> <!-- playwrightproject.demos.TraceViewer1 -->
