<?xml version="1.0" encoding="UTF-8"?>
<!-- Generated by org.testng.reporters.JUnitReportReporter -->
<testsuite hostname="W-PF3NZE1V" failures="0" tests="1" name="playwrightproject.demos.ShadowDom2" time="42.882" errors="1" timestamp="2023-05-08T18:50:37 IST" skipped="0">
  <testcase classname="playwrightproject.demos.ShadowDom2" name="TestShadowDOM" time="42.882">
    <error message="Error {
  message=&#039;Timeout 30000ms exceeded.
=========================== logs ===========================
waiting for frameLocator(&quot;#snacktime iframe[id=&#039;shadpact&#039;]&quot;).locator(&quot;#opled input#college&quot;)
============================================================
  name=&#039;TimeoutError
  stack=&#039;TimeoutError: Timeout 30000ms exceeded.
=========================== logs ===========================
waiting for frameLocator(&quot;#snacktime iframe[id=&#039;shadpact&#039;]&quot;).locator(&quot;#opled input#college&quot;)
============================================================
    at ProgressController.run (C:\Users\C5287553\AppData\Local\Temp\playwright-java-14749428726228992128\package\lib\server\progress.js:88:26)
    at Frame.fill (C:\Users\C5287553\AppData\Local\Temp\playwright-java-14749428726228992128\package\lib\server\frames.js:1043:23)
    at FrameDispatcher.fill (C:\Users\C5287553\AppData\Local\Temp\playwright-java-14749428726228992128\package\lib\server\dispatchers\frameDispatcher.js:161:30)
    at DispatcherConnection.dispatch (C:\Users\C5287553\AppData\Local\Temp\playwright-java-14749428726228992128\package\lib\server\dispatchers\dispatcher.js:312:46)
}" type="com.microsoft.playwright.TimeoutError">
      <![CDATA[com.microsoft.playwright.TimeoutError: Error {
  message='Timeout 30000ms exceeded.
=========================== logs ===========================
waiting for frameLocator("#snacktime iframe[id='shadpact']").locator("#opled input#college")
============================================================
  name='TimeoutError
  stack='TimeoutError: Timeout 30000ms exceeded.
=========================== logs ===========================
waiting for frameLocator("#snacktime iframe[id='shadpact']").locator("#opled input#college")
============================================================
    at ProgressController.run (C:\Users\C5287553\AppData\Local\Temp\playwright-java-14749428726228992128\package\lib\server\progress.js:88:26)
    at Frame.fill (C:\Users\C5287553\AppData\Local\Temp\playwright-java-14749428726228992128\package\lib\server\frames.js:1043:23)
    at FrameDispatcher.fill (C:\Users\C5287553\AppData\Local\Temp\playwright-java-14749428726228992128\package\lib\server\dispatchers\frameDispatcher.js:161:30)
    at DispatcherConnection.dispatch (C:\Users\C5287553\AppData\Local\Temp\playwright-java-14749428726228992128\package\lib\server\dispatchers\dispatcher.js:312:46)
}
at com.microsoft.playwright.impl.WaitableResult.get(WaitableResult.java:52)
at com.microsoft.playwright.impl.ChannelOwner.runUntil(ChannelOwner.java:111)
at com.microsoft.playwright.impl.Connection.sendMessage(Connection.java:126)
at com.microsoft.playwright.impl.ChannelOwner.sendMessage(ChannelOwner.java:102)
at com.microsoft.playwright.impl.FrameImpl.fillImpl(FrameImpl.java:335)
at com.microsoft.playwright.impl.FrameImpl.lambda$fill$14(FrameImpl.java:325)
at com.microsoft.playwright.impl.LoggingSupport.lambda$withLogging$0(LoggingSupport.java:36)
at com.microsoft.playwright.impl.LoggingSupport.withLogging(LoggingSupport.java:47)
at com.microsoft.playwright.impl.ChannelOwner.withLogging(ChannelOwner.java:87)
at com.microsoft.playwright.impl.LoggingSupport.withLogging(LoggingSupport.java:35)
at com.microsoft.playwright.impl.FrameImpl.fill(FrameImpl.java:325)
at com.microsoft.playwright.impl.LocatorImpl.fill(LocatorImpl.java:202)
at com.microsoft.playwright.Locator.fill(Locator.java:2812)
at playwrightproject.demos.ShadowDom2.TestShadowDOM(ShadowDom2.java:23)
at java.base/jdk.internal.reflect.NativeMethodAccessorImpl.invoke0(Native Method)
at java.base/jdk.internal.reflect.NativeMethodAccessorImpl.invoke(NativeMethodAccessorImpl.java:77)
at java.base/jdk.internal.reflect.DelegatingMethodAccessorImpl.invoke(DelegatingMethodAccessorImpl.java:43)
at java.base/java.lang.reflect.Method.invoke(Method.java:568)
at org.testng.internal.invokers.MethodInvocationHelper.invokeMethod(MethodInvocationHelper.java:139)
at org.testng.internal.invokers.TestInvoker.invokeMethod(TestInvoker.java:677)
at org.testng.internal.invokers.TestInvoker.invokeTestMethod(TestInvoker.java:221)
at org.testng.internal.invokers.MethodRunner.runInSequence(MethodRunner.java:50)
at org.testng.internal.invokers.TestInvoker$MethodInvocationAgent.invoke(TestInvoker.java:969)
at org.testng.internal.invokers.TestInvoker.invokeTestMethods(TestInvoker.java:194)
at org.testng.internal.invokers.TestMethodWorker.invokeTestMethods(TestMethodWorker.java:148)
at org.testng.internal.invokers.TestMethodWorker.run(TestMethodWorker.java:128)
at java.base/java.util.ArrayList.forEach(ArrayList.java:1511)
at org.testng.TestRunner.privateRun(TestRunner.java:829)
at org.testng.TestRunner.run(TestRunner.java:602)
at org.testng.SuiteRunner.runTest(SuiteRunner.java:437)
at org.testng.SuiteRunner.runSequentially(SuiteRunner.java:431)
at org.testng.SuiteRunner.privateRun(SuiteRunner.java:391)
at org.testng.SuiteRunner.run(SuiteRunner.java:330)
at org.testng.SuiteRunnerWorker.runSuite(SuiteRunnerWorker.java:52)
at org.testng.SuiteRunnerWorker.run(SuiteRunnerWorker.java:95)
at org.testng.TestNG.runSuitesSequentially(TestNG.java:1256)
at org.testng.TestNG.runSuitesLocally(TestNG.java:1176)
at org.testng.TestNG.runSuites(TestNG.java:1099)
at org.testng.TestNG.run(TestNG.java:1067)
at org.testng.remote.AbstractRemoteTestNG.run(AbstractRemoteTestNG.java:115)
at org.testng.remote.RemoteTestNG.initAndRun(RemoteTestNG.java:251)
at org.testng.remote.RemoteTestNG.main(RemoteTestNG.java:77)
Caused by: com.microsoft.playwright.TimeoutError: Error {
  message='Timeout 30000ms exceeded.
=========================== logs ===========================
waiting for frameLocator("#snacktime iframe[id='shadpact']").locator("#opled input#college")
============================================================
  name='TimeoutError
  stack='TimeoutError: Timeout 30000ms exceeded.
=========================== logs ===========================
waiting for frameLocator("#snacktime iframe[id='shadpact']").locator("#opled input#college")
============================================================
    at ProgressController.run (C:\Users\C5287553\AppData\Local\Temp\playwright-java-14749428726228992128\package\lib\server\progress.js:88:26)
    at Frame.fill (C:\Users\C5287553\AppData\Local\Temp\playwright-java-14749428726228992128\package\lib\server\frames.js:1043:23)
    at FrameDispatcher.fill (C:\Users\C5287553\AppData\Local\Temp\playwright-java-14749428726228992128\package\lib\server\dispatchers\frameDispatcher.js:161:30)
    at DispatcherConnection.dispatch (C:\Users\C5287553\AppData\Local\Temp\playwright-java-14749428726228992128\package\lib\server\dispatchers\dispatcher.js:312:46)
}
at com.microsoft.playwright.impl.Connection.dispatch(Connection.java:224)
at com.microsoft.playwright.impl.Connection.processOneMessage(Connection.java:206)
at com.microsoft.playwright.impl.ChannelOwner.runUntil(ChannelOwner.java:109)
... 40 more
]]>
    </error>
  </testcase> <!-- TestShadowDOM -->
  <system-out/>
</testsuite> <!-- playwrightproject.demos.ShadowDom2 -->
