<?xml version="1.0" encoding="UTF-8"?>
<!-- Generated by org.testng.reporters.JUnitReportReporter -->
<testsuite hostname="W-PF3NZE1V" failures="0" tests="1" name="playwrightproject.demos.FileUpload" time="21.799" errors="0" timestamp="2023-05-24T11:26:55 IST" skipped="0">
  <testcase classname="playwrightproject.demos.FileUpload" name="Test01" time="21.799"/>
  <system-out/>
</testsuite> <!-- playwrightproject.demos.FileUpload -->
