<?xml version="1.0" encoding="UTF-8"?>
<!-- Generated by org.testng.reporters.JUnitReportReporter -->
<testsuite hostname="W-PF3NZE1V" failures="0" tests="1" name="playwrightproject.demos.TraceViewerDemo2" time="24.640" errors="0" timestamp="2023-05-03T21:01:03 IST" skipped="0">
  <testcase classname="playwrightproject.demos.TraceViewerDemo2" name="TestTraceViewerFeature" time="24.640"/>
  <system-out/>
</testsuite> <!-- playwrightproject.demos.TraceViewerDemo2 -->
