<?xml version="1.0" encoding="UTF-8"?>
<!-- Generated by org.testng.reporters.JUnitReportReporter -->
<testsuite hostname="W-PF3NZE1V" failures="0" tests="1" name="playwrightproject.demos.ShadowDomIframe" time="49.119" errors="0" timestamp="2023-05-09T23:17:55 IST" skipped="0">
  <testcase classname="playwrightproject.demos.ShadowDomIframe" name="testShadowDom" time="49.119"/>
  <system-out/>
</testsuite> <!-- playwrightproject.demos.ShadowDomIframe -->
