<?xml version="1.0" encoding="UTF-8"?>
<!-- Generated by org.testng.reporters.JUnitReportReporter -->
<testsuite hostname="W-PF3NZE1V" failures="0" tests="1" name="playwrightproject.demos.HRMTest1" time="58.841" errors="0" timestamp="2023-05-24T11:09:47 IST" skipped="0">
  <testcase classname="playwrightproject.demos.HRMTest1" name="Test01" time="58.841"/>
  <system-out/>
</testsuite> <!-- playwrightproject.demos.HRMTest1 -->
