<?xml version="1.0" encoding="UTF-8"?>
<!-- Generated by org.testng.reporters.JUnitReportReporter -->
<testsuite hostname="W-PF3NZE1V" failures="0" tests="1" name="playwrightproject.demos.FileDownload" time="20.885" errors="0" timestamp="2023-05-24T11:41:47 IST" skipped="0">
  <testcase classname="playwrightproject.demos.FileDownload" name="Test01" time="20.885"/>
  <system-out/>
</testsuite> <!-- playwrightproject.demos.FileDownload -->
