<?xml version="1.0" encoding="UTF-8"?>
<!-- Generated by org.testng.reporters.JUnitReportReporter -->
<testsuite hostname="W-PF3NZE1V" failures="0" tests="1" name="playwrightproject.demos.OpenCartDemoTest01" time="42.292" errors="0" timestamp="2023-05-04T22:25:30 IST" skipped="0">
  <testcase classname="playwrightproject.demos.OpenCartDemoTest01" name="Test01" time="42.292"/>
  <system-out/>
</testsuite> <!-- playwrightproject.demos.OpenCartDemoTest01 -->
